0 info it worked if it ends with ok
1 verbose cli [ '/Users/goriunov/.nvm/versions/node/v6.9.2/bin/node',
1 verbose cli   '/Users/goriunov/.nvm/versions/node/v6.9.2/bin/npm',
1 verbose cli   'start' ]
2 info using npm@3.10.9
3 info using node@v6.9.2
4 verbose run-script [ 'prestart', 'start', 'poststart' ]
5 info lifecycle job-server@0.0.1~prestart: job-server@0.0.1
6 silly lifecycle job-server@0.0.1~prestart: no script for prestart, continuing
7 info lifecycle job-server@0.0.1~start: job-server@0.0.1
8 verbose lifecycle job-server@0.0.1~start: unsafe-perm in lifecycle true
9 verbose lifecycle job-server@0.0.1~start: PATH: /Users/goriunov/.nvm/versions/node/v6.9.2/lib/node_modules/npm/bin/node-gyp-bin:/Users/goriunov/Desktop/Work/work-control-application/node_modules/.bin:/Users/goriunov/.nvm/versions/node/v6.9.2/bin:/usr/local/bin:/usr/bin:/bin:/usr/sbin:/sbin
10 verbose lifecycle job-server@0.0.1~start: CWD: /Users/goriunov/Desktop/Work/work-control-application
11 silly lifecycle job-server@0.0.1~start: Args: [ '-c', 'node ./server.js' ]
12 silly lifecycle job-server@0.0.1~start: Returned: code: 1  signal: null
13 info lifecycle job-server@0.0.1~start: Failed to exec start script
14 verbose stack Error: job-server@0.0.1 start: `node ./server.js`
14 verbose stack Exit status 1
14 verbose stack     at EventEmitter.<anonymous> (/Users/goriunov/.nvm/versions/node/v6.9.2/lib/node_modules/npm/lib/utils/lifecycle.js:255:16)
14 verbose stack     at emitTwo (events.js:106:13)
14 verbose stack     at EventEmitter.emit (events.js:191:7)
14 verbose stack     at ChildProcess.<anonymous> (/Users/goriunov/.nvm/versions/node/v6.9.2/lib/node_modules/npm/lib/utils/spawn.js:40:14)
14 verbose stack     at emitTwo (events.js:106:13)
14 verbose stack     at ChildProcess.emit (events.js:191:7)
14 verbose stack     at maybeClose (internal/child_process.js:877:16)
14 verbose stack     at Process.ChildProcess._handle.onexit (internal/child_process.js:226:5)
15 verbose pkgid job-server@0.0.1
16 verbose cwd /Users/goriunov/Desktop/Work/work-control-application
17 error Darwin 16.3.0
18 error argv "/Users/goriunov/.nvm/versions/node/v6.9.2/bin/node" "/Users/goriunov/.nvm/versions/node/v6.9.2/bin/npm" "start"
19 error node v6.9.2
20 error npm  v3.10.9
21 error code ELIFECYCLE
22 error job-server@0.0.1 start: `node ./server.js`
22 error Exit status 1
23 error Failed at the job-server@0.0.1 start script 'node ./server.js'.
23 error Make sure you have the latest version of node.js and npm installed.
23 error If you do, this is most likely a problem with the job-server package,
23 error not with npm itself.
23 error Tell the author that this fails on your system:
23 error     node ./server.js
23 error You can get information on how to open an issue for this project with:
23 error     npm bugs job-server
23 error Or if that isn't available, you can get their info via:
23 error     npm owner ls job-server
23 error There is likely additional logging output above.
24 verbose exit [ 1, true ]
